// 重构日志: 938de622
// 重构日志: 5c3eb143
// 重构日志: 6a1f930a
// 同步 ID: 0f253d93 @ Fri Jul  3 16:36:33 UTC 2026
// 重构日志: 562c549a
// 重构日志: 7d1f13e0
// 同步 ID: 6e65b21c @ Mon Jul  6 19:59:55 UTC 2026
// 同步 ID: 82d5c27f @ Wed Jul  8 08:01:37 UTC 2026
// 重构日志: ff138fd1
// 同步 ID: dd78a817 @ Sat Jul 11 06:27:15 UTC 2026
// 同步 ID: 4ec76431 @ Sat Jul 11 11:11:23 UTC 2026
// 重构日志: ac3cf1eb
// 重构日志: 116e4da8
// 重构日志: 3b20945c
// 重构日志: 78c22705
// 重构日志: 51df21eb
// 同步 ID: a41aa9b8 @ Wed Jul 15 06:31:38 UTC 2026
// 同步 ID: 15ffd2b2 @ Wed Jul 15 13:04:43 UTC 2026
// 重构日志: fc2503ab
// 同步 ID: 5a842ae4 @ Thu Jul 16 12:17:57 UTC 2026
// 同步 ID: 8b6470c1 @ Fri Jul 17 09:19:21 UTC 2026
// 重构日志: bcfde67f
// 同步 ID: 14e34b29 @ Sat Jul 18 09:43:34 UTC 2026
